INFO [03-21|23:29:55.551] Maximum peer count                       ETH=50 LES=0 total=50
INFO [03-21|23:29:55.553] Smartcard socket not found, disabling    err="stat /run/pcscd/pcscd.comm: no such file or directory"
INFO [03-21|23:29:55.556] Snap sync requested, enabling --snapshot 
INFO [03-21|23:29:55.556] Set global gas cap                       cap=50,000,000
INFO [03-21|23:29:55.558] Allocated trie memory caches             clean=154.00MiB dirty=256.00MiB
INFO [03-21|23:29:55.560] Allocated cache and file handles         database=/home/jeff/private_chain/data/geth/chaindata cache=512.00MiB handles=524,288
INFO [03-21|23:29:55.573] Opened ancient database                  database=/home/jeff/private_chain/data/geth/chaindata/ancient/chain readonly=false
INFO [03-21|23:29:55.573]  
INFO [03-21|23:29:55.573] --------------------------------------------------------------------------------------------------------------------------------------------------------- 
INFO [03-21|23:29:55.573] Chain ID:  10 (unknown) 
INFO [03-21|23:29:55.573] Consensus: unknown 
INFO [03-21|23:29:55.573]  
INFO [03-21|23:29:55.573] Pre-Merge hard forks: 
INFO [03-21|23:29:55.574]  - Homestead:                   0        (https://github.com/ethereum/execution-specs/blob/master/network-upgrades/mainnet-upgrades/homestead.md) 
INFO [03-21|23:29:55.574]  - Tangerine Whistle (EIP 150): 0        (https://github.com/ethereum/execution-specs/blob/master/network-upgrades/mainnet-upgrades/tangerine-whistle.md) 
INFO [03-21|23:29:55.574]  - Spurious Dragon/1 (EIP 155): 0        (https://github.com/ethereum/execution-specs/blob/master/network-upgrades/mainnet-upgrades/spurious-dragon.md) 
INFO [03-21|23:29:55.574]  - Spurious Dragon/2 (EIP 158): 0        (https://github.com/ethereum/execution-specs/blob/master/network-upgrades/mainnet-upgrades/spurious-dragon.md) 
INFO [03-21|23:29:55.574]  - Byzantium:                   0        (https://github.com/ethereum/execution-specs/blob/master/network-upgrades/mainnet-upgrades/byzantium.md) 
INFO [03-21|23:29:55.574]  - Constantinople:              0        (https://github.com/ethereum/execution-specs/blob/master/network-upgrades/mainnet-upgrades/constantinople.md) 
INFO [03-21|23:29:55.574]  - Petersburg:                  <nil> (https://github.com/ethereum/execution-specs/blob/master/network-upgrades/mainnet-upgrades/petersburg.md) 
INFO [03-21|23:29:55.574]  - Istanbul:                    <nil> (https://github.com/ethereum/execution-specs/blob/master/network-upgrades/mainnet-upgrades/istanbul.md) 
INFO [03-21|23:29:55.574]  - Berlin:                      <nil> (https://github.com/ethereum/execution-specs/blob/master/network-upgrades/mainnet-upgrades/berlin.md) 
INFO [03-21|23:29:55.574]  - London:                      <nil> (https://github.com/ethereum/execution-specs/blob/master/network-upgrades/mainnet-upgrades/london.md) 
INFO [03-21|23:29:55.574]  
INFO [03-21|23:29:55.574] The Merge is not yet available for this network! 
INFO [03-21|23:29:55.574]  - Hard-fork specification: https://github.com/ethereum/execution-specs/blob/master/network-upgrades/mainnet-upgrades/paris.md 
INFO [03-21|23:29:55.574] --------------------------------------------------------------------------------------------------------------------------------------------------------- 
INFO [03-21|23:29:55.574]  
INFO [03-21|23:29:55.574] Disk storage enabled for ethash caches   dir=/home/jeff/private_chain/data/geth/ethash count=3
INFO [03-21|23:29:55.574] Disk storage enabled for ethash DAGs     dir=/home/jeff/.ethash count=2
INFO [03-21|23:29:55.576] Initialising Ethereum protocol           network=10 dbversion=<nil>
INFO [03-21|23:29:55.576] Loaded most recent local header          number=0 hash=d89881..a54163 td=8192 age=55y3d15h
INFO [03-21|23:29:55.576] Loaded most recent local full block      number=0 hash=d89881..a54163 td=8192 age=55y3d15h
INFO [03-21|23:29:55.576] Loaded most recent local fast block      number=0 hash=d89881..a54163 td=8192 age=55y3d15h
WARN [03-21|23:29:55.576] Failed to load snapshot, regenerating    err="missing or corrupted snapshot"
INFO [03-21|23:29:55.577] Rebuilding state snapshot 
INFO [03-21|23:29:55.577] Resuming state snapshot generation       root=270a39..5789ab accounts=0 slots=0 storage=0.00B dangling=0 elapsed="660.452µs"
INFO [03-21|23:29:55.578] Regenerated local transaction journal    transactions=0 accounts=0
INFO [03-21|23:29:55.578] Generated state snapshot                 accounts=1 slots=0 storage=47.00B dangling=0 elapsed=1.257ms
INFO [03-21|23:29:55.579] Gasprice oracle is ignoring threshold set threshold=2
WARN [03-21|23:29:55.579] Error reading unclean shutdown markers   error="leveldb: not found"
WARN [03-21|23:29:55.580] Engine API enabled                       protocol=eth
WARN [03-21|23:29:55.580] Engine API started but chain not configured for merge yet 
INFO [03-21|23:29:55.580] Starting peer-to-peer node               instance=Geth/v1.10.26-stable-e5eb32ac/linux-amd64/go1.18.5
INFO [03-21|23:29:55.586] New local node record                    seq=1,711,034,995,585 id=5f6b13d6450a5560 ip=127.0.0.1 udp=30303 tcp=30303
INFO [03-21|23:29:55.588] IPC endpoint opened                      url=/home/jeff/private_chain/data/geth.ipc
ERROR[03-21|23:29:55.588] Unavailable modules in HTTP API list     unavailable=[db] available="[admin debug web3 eth txpool personal ethash miner net]"
INFO [03-21|23:29:55.588] Generated JWT secret                     path=/home/jeff/private_chain/data/geth/jwtsecret
INFO [03-21|23:29:55.589] HTTP server started                      endpoint=[::]:8545 auth=false prefix= cors=* vhosts=*
INFO [03-21|23:29:55.589] WebSocket enabled                        url=ws://127.0.0.1:8551
INFO [03-21|23:29:55.589] HTTP server started                      endpoint=127.0.0.1:8551 auth=true  prefix= cors=localhost vhosts=localhost
WARN [03-21|23:29:55.589] ------------------------------------------------------------------- 
WARN [03-21|23:29:55.589] Referring to accounts by order in the keystore folder is dangerous! 
WARN [03-21|23:29:55.589] This functionality is deprecated and will be removed in the future! 
WARN [03-21|23:29:55.589] Please use explicit addresses! (can search via `geth account list`) 
WARN [03-21|23:29:55.589] ------------------------------------------------------------------- 
INFO [03-21|23:29:55.601] Started P2P networking                   self=enode://1901c55c3ef80a92c24f8971c54d49e39e667968236d977e79671eea99dcc792588ebeddb88a1c3f51975668642beb109e6c8a8ef75257a3c5cab72e81dd09a5@127.0.0.1:30303
WARN [03-21|23:29:56.034] Snapshot extension registration failed   peer=6b36f791 err="peer connected on snap without compatible eth support"
INFO [03-21|23:29:57.394] New local node record                    seq=1,711,034,995,586 id=5f6b13d6450a5560 ip=122.116.36.172 udp=30303 tcp=30303
WARN [03-21|23:29:58.743] Snapshot extension registration failed   peer=bd16cb55 err="peer connected on snap without compatible eth support"
Fatal: Failed to unlock account 0 (could not decrypt key with given password)
